

processing file: M3A-OASIS.Rmd
1/21                       
2/21 [sidenote]            
3/21                       
4/21 [setup]               
5/21                       
6/21 [m3a-GlobalOptions]   
7/21                       
8/21 [m3a-Prelims]         
9/21                       
10/21 [m3a-utilityFns]      
11/21                       
12/21 [m3a-input-params-all]
13/21                       
14/21 [unnamed-chunk-1]     
15/21                       
16/21 [pnas-paper-figure-2] 
17/21                       
18/21 [m3a-session-info]    
19/21                       
20/21 [unnamed-chunk-2]     
output file: M3A-OASIS.knit.md

/usr/local/bin/pandoc +RTS -K512m -RTS M3A-OASIS.knit.md --to html4 --from markdown+autolink_bare_uris+tex_math_single_backslash --output M3A-OASIS.html --lua-filter /Library/Frameworks/R.framework/Versions/4.4-x86_64/Resources/library/bookdown/rmarkdown/lua/custom-environment.lua --lua-filter /Users/fcollin/Library/R/x86_64/4.4/library/rmarkdown/rmarkdown/lua/pagebreak.lua --lua-filter /Users/fcollin/Library/R/x86_64/4.4/library/rmarkdown/rmarkdown/lua/latex-div.lua --lua-filter /Users/fcollin/Library/R/x86_64/4.4/library/rmarkdown/rmarkdown/lua/table-classes.lua --embed-resources --standalone --wrap preserve --variable bs3=TRUE --section-divs --table-of-contents --toc-depth 2 --template /Users/fcollin/Library/R/x86_64/4.4/library/rmarkdown/rmd/h/default.html --no-highlight --variable highlightjs=1 --number-sections --variable theme=bootstrap --mathjax --variable 'mathjax-url=https://mathjax.rstudio.com/latest/MathJax.js?config=TeX-AMS-MML_HTMLorMML' --include-in-header /var/folders/jk/d24lm6n944q5y650lph85m7w0000gp/T//RtmpZdnpw8/rmarkdown-strf08b3e49c3e0.html --variable code_folding=hide --variable source_embed=M3A-OASIS.Rmd --include-after-body /var/folders/jk/d24lm6n944q5y650lph85m7w0000gp/T//RtmpZdnpw8/filef08b5cdac712.html --variable code_menu=1 --citeproc 

Output created: M3A-OASIS.html
