
Rendering: ./index.Rmd
1/13                      
2/13 [sidenote]           
3/13                      
4/13 [setup]              
5/13                      
6/13 [infex-GlobalOptions]
7/13                      
8/13 [index-Prelims]      
9/13                      
10/13 [index-write-bib]    
11/13                      
12/13 [unnamed-chunk-1]    
/usr/local/bin/pandoc +RTS -K512m -RTS index.knit.md --to html4 --from markdown+autolink_bare_uris+tex_math_single_backslash --output index.html --lua-filter /Library/Frameworks/R.framework/Versions/4.4-x86_64/Resources/library/bookdown/rmarkdown/lua/custom-environment.lua --lua-filter /Users/fcollin/Library/R/x86_64/4.4/library/rmarkdown/rmarkdown/lua/pagebreak.lua --lua-filter /Users/fcollin/Library/R/x86_64/4.4/library/rmarkdown/rmarkdown/lua/latex-div.lua --lua-filter /Users/fcollin/Library/R/x86_64/4.4/library/rmarkdown/rmarkdown/lua/table-classes.lua --wrap preserve --variable bs3=TRUE --standalone --section-divs --table-of-contents --toc-depth 3 --template /Users/fcollin/Library/R/x86_64/4.4/library/rmarkdown/rmd/h/default.html --no-highlight --variable highlightjs=1 --number-sections --include-before-body /var/folders/jk/d24lm6n944q5y650lph85m7w0000gp/T//RtmpcNeiUa/rmarkdown-str2ad7234fec82.html --variable navbar=1 --variable theme=bootstrap --mathjax --variable 'mathjax-url=https://mathjax.rstudio.com/latest/MathJax.js?config=TeX-AMS-MML_HTMLorMML' --include-in-header /var/folders/jk/d24lm6n944q5y650lph85m7w0000gp/T//RtmpcNeiUa/rmarkdown-str2ad754305cea.html --variable code_folding=hide --variable source_embed=index.Rmd --include-after-body /var/folders/jk/d24lm6n944q5y650lph85m7w0000gp/T//RtmpcNeiUa/file2ad7332431d4.html --variable code_menu=1 --citeproc 

Rendering: ./M2B-preSPLASH.Rmd
1/33                        
2/33 [sidenote]             
3/33                        
4/33 [setup]                
5/33                        
6/33 [m2b-GlobalOptions]    
7/33                        
8/33 [m2b-Prelims]          
9/33                        
10/33 [m2b-utilityFns]       
11/33                        
12/33 [unnamed-chunk-1]      
13/33                        
14/33 [unnamed-chunk-2]      
/usr/local/bin/pandoc +RTS -K512m -RTS M2B-preSPLASH.knit.md --to html4 --from markdown+autolink_bare_uris+tex_math_single_backslash --output M2B-preSPLASH.html --lua-filter /Library/Frameworks/R.framework/Versions/4.4-x86_64/Resources/library/bookdown/rmarkdown/lua/custom-environment.lua --lua-filter /Users/fcollin/Library/R/x86_64/4.4/library/rmarkdown/rmarkdown/lua/pagebreak.lua --lua-filter /Users/fcollin/Library/R/x86_64/4.4/library/rmarkdown/rmarkdown/lua/latex-div.lua --lua-filter /Users/fcollin/Library/R/x86_64/4.4/library/rmarkdown/rmarkdown/lua/table-classes.lua --wrap preserve --variable bs3=TRUE --standalone --section-divs --table-of-contents --toc-depth 2 --template /Users/fcollin/Library/R/x86_64/4.4/library/rmarkdown/rmd/h/default.html --no-highlight --variable highlightjs=1 --number-sections --include-before-body /var/folders/jk/d24lm6n944q5y650lph85m7w0000gp/T//RtmpcNeiUa/rmarkdown-str2ad75bf28840.html --variable navbar=1 --variable theme=bootstrap --mathjax --variable 'mathjax-url=https://mathjax.rstudio.com/latest/MathJax.js?config=TeX-AMS-MML_HTMLorMML' --include-in-header /var/folders/jk/d24lm6n944q5y650lph85m7w0000gp/T//RtmpcNeiUa/rmarkdown-str2ad7fcf50e9.html --variable code_folding=hide --variable source_embed=M2B-preSPLASH.Rmd --include-after-body /var/folders/jk/d24lm6n944q5y650lph85m7w0000gp/T//RtmpcNeiUa/file2ad773c8f91a.html --variable code_menu=1 --citeproc 

Rendering: ./M2B-RFGI_SPLASH_v2.Rmd
1/31                        
2/31 [sidenote]             
3/31                        
4/31 [setup]                
5/31                        
6/31 [m2b-GlobalOptions]    
7/31                        
8/31 [m2b-Prelims]          
9/31                        
10/31 [m2b-utilityFns]       
11/31                        
12/31 [m2b-input-params-all] 
13/31                        
14/31 [m2b-load-libs]        
15/31                        
16/31 [m2b-target-vs-samples]
17/31                        
18/31 [unnamed-chunk-1]      
19/31                        
20/31 [unnamed-chunk-2]      
21/31                        
22/31 [m2b-effect-size-fn]   
23/31                        
24/31 [unnamed-chunk-3]      
25/31                        
26/31 [unnamed-chunk-4]      
27/31                        
28/31 [m2b-session-info]     
29/31                        
30/31 [unnamed-chunk-5]      
/usr/local/bin/pandoc +RTS -K512m -RTS M2B-RFGI_SPLASH_v2.knit.md --to html4 --from markdown+autolink_bare_uris+tex_math_single_backslash --output M2B-RFGI_SPLASH_v2.html --lua-filter /Library/Frameworks/R.framework/Versions/4.4-x86_64/Resources/library/bookdown/rmarkdown/lua/custom-environment.lua --lua-filter /Users/fcollin/Library/R/x86_64/4.4/library/rmarkdown/rmarkdown/lua/pagebreak.lua --lua-filter /Users/fcollin/Library/R/x86_64/4.4/library/rmarkdown/rmarkdown/lua/latex-div.lua --lua-filter /Users/fcollin/Library/R/x86_64/4.4/library/rmarkdown/rmarkdown/lua/table-classes.lua --wrap preserve --variable bs3=TRUE --standalone --section-divs --table-of-contents --toc-depth 2 --template /Users/fcollin/Library/R/x86_64/4.4/library/rmarkdown/rmd/h/default.html --no-highlight --variable highlightjs=1 --number-sections --include-before-body /var/folders/jk/d24lm6n944q5y650lph85m7w0000gp/T//RtmpcNeiUa/rmarkdown-str2ad75b2d7065.html --variable navbar=1 --variable theme=bootstrap --mathjax --variable 'mathjax-url=https://mathjax.rstudio.com/latest/MathJax.js?config=TeX-AMS-MML_HTMLorMML' --include-in-header /var/folders/jk/d24lm6n944q5y650lph85m7w0000gp/T//RtmpcNeiUa/rmarkdown-str2ad742e25a7.html --variable code_folding=hide --variable source_embed=M2B-RFGI_SPLASH_v2.Rmd --include-after-body /var/folders/jk/d24lm6n944q5y650lph85m7w0000gp/T//RtmpcNeiUa/file2ad771a9f915.html --variable code_menu=1 --citeproc 

Rendering: ./SPLASH_OASIS_summary.Rmd
1/13                                 
2/13 [sidenote]                      
3/13                                 
4/13 [setup]                         
5/13                                 
6/13 [infex-GlobalOptions]           
7/13                                 
8/13 [index-Prelims]                 
9/13                                 
10/13 [SPLASH_OASIS_summary-write-bib]
11/13                                 
12/13 [unnamed-chunk-1]               
/usr/local/bin/pandoc +RTS -K512m -RTS SPLASH_OASIS_summary.knit.md --to html4 --from markdown+autolink_bare_uris+tex_math_single_backslash --output SPLASH_OASIS_summary.html --lua-filter /Library/Frameworks/R.framework/Versions/4.4-x86_64/Resources/library/bookdown/rmarkdown/lua/custom-environment.lua --lua-filter /Users/fcollin/Library/R/x86_64/4.4/library/rmarkdown/rmarkdown/lua/pagebreak.lua --lua-filter /Users/fcollin/Library/R/x86_64/4.4/library/rmarkdown/rmarkdown/lua/latex-div.lua --lua-filter /Users/fcollin/Library/R/x86_64/4.4/library/rmarkdown/rmarkdown/lua/table-classes.lua --wrap preserve --variable bs3=TRUE --standalone --section-divs --table-of-contents --toc-depth 3 --template /Users/fcollin/Library/R/x86_64/4.4/library/rmarkdown/rmd/h/default.html --no-highlight --variable highlightjs=1 --number-sections --include-before-body /var/folders/jk/d24lm6n944q5y650lph85m7w0000gp/T//RtmpcNeiUa/rmarkdown-str2ad744703cf9.html --variable navbar=1 --variable theme=bootstrap --mathjax --variable 'mathjax-url=https://mathjax.rstudio.com/latest/MathJax.js?config=TeX-AMS-MML_HTMLorMML' --include-in-header /var/folders/jk/d24lm6n944q5y650lph85m7w0000gp/T//RtmpcNeiUa/rmarkdown-str2ad724b32289.html --variable code_folding=hide --variable source_embed=SPLASH_OASIS_summary.Rmd --include-after-body /var/folders/jk/d24lm6n944q5y650lph85m7w0000gp/T//RtmpcNeiUa/file2ad76ca06331.html --variable code_menu=1 --citeproc 
