

processing file: _M1A-healthy_aging_genes.Rmd
1/17                       
2/17 [sidenote]            
3/17                       
4/17 [setup]               
5/17                       
6/17 [m1a-GlobalOptions]   
7/17                       
8/17 [m1a-Prelims]         
9/17                       
10/17 [m1a-utilityFns]      
11/17                       
12/17 [m1a-input-params-all]
13/17                       
14/17 [m1a-dueling-fraud]   
15/17                       
16/17 [unnamed-chunk-1]     
output file: _M1A-healthy_aging_genes.knit.md

/usr/local/bin/pandoc +RTS -K512m -RTS _M1A-healthy_aging_genes.knit.md --to html4 --from markdown+autolink_bare_uris+tex_math_single_backslash --output _M1A-healthy_aging_genes.html --lua-filter /Library/Frameworks/R.framework/Versions/4.4-x86_64/Resources/library/rmarkdown/rmarkdown/lua/pagebreak.lua --lua-filter /Library/Frameworks/R.framework/Versions/4.4-x86_64/Resources/library/rmarkdown/rmarkdown/lua/latex-div.lua --lua-filter /Library/Frameworks/R.framework/Versions/4.4-x86_64/Resources/library/rmarkdown/rmarkdown/lua/table-classes.lua --embed-resources --standalone --variable bs3=TRUE --section-divs --table-of-contents --toc-depth 2 --template /Library/Frameworks/R.framework/Versions/4.4-x86_64/Resources/library/rmarkdown/rmd/h/default.html --no-highlight --variable highlightjs=1 --number-sections --include-before-body /var/folders/jk/d24lm6n944q5y650lph85m7w0000gp/T//Rtmpv2bIeB/rmarkdown-str8c4342fe097c.html --variable navbar=1 --variable theme=bootstrap --mathjax --variable 'mathjax-url=https://mathjax.rstudio.com/latest/MathJax.js?config=TeX-AMS-MML_HTMLorMML' --include-in-header /var/folders/jk/d24lm6n944q5y650lph85m7w0000gp/T//Rtmpv2bIeB/rmarkdown-str8c433420ce40.html --variable code_folding=hide --variable source_embed=_M1A-healthy_aging_genes.Rmd --include-after-body /var/folders/jk/d24lm6n944q5y650lph85m7w0000gp/T//Rtmpv2bIeB/file8c4355c4e67c.html --variable code_menu=1 --citeproc 
[WARNING] Duplicate identifier 'references' at _M1A-healthy_aging_genes.knit.md line 367 column 1

Output created: _M1A-healthy_aging_genes.html
