

processing file: _M1A-healthy_aging_genes.Rmd
1/21                       
2/21 [sidenote]            
3/21                       
4/21 [setup]               
5/21                       
6/21 [m1a-GlobalOptions]   
7/21                       
8/21 [m1a-Prelims]         
9/21                       
10/21 [m1a-utilityFns]      
11/21                       
12/21 [m1a-input-params-all]
13/21                       
14/21 [m1a-article-review]  
15/21                       
16/21 [unnamed-chunk-1]     
output file: _M1A-healthy_aging_genes.knit.md

/usr/local/bin/pandoc +RTS -K512m -RTS _M1A-healthy_aging_genes.knit.md --to html4 --from markdown+autolink_bare_uris+tex_math_single_backslash --output _M1A-healthy_aging_genes.html --lua-filter /Library/Frameworks/R.framework/Versions/4.4-x86_64/Resources/library/rmarkdown/rmarkdown/lua/pagebreak.lua --lua-filter /Library/Frameworks/R.framework/Versions/4.4-x86_64/Resources/library/rmarkdown/rmarkdown/lua/latex-div.lua --lua-filter /Library/Frameworks/R.framework/Versions/4.4-x86_64/Resources/library/rmarkdown/rmarkdown/lua/table-classes.lua --embed-resources --standalone --variable bs3=TRUE --section-divs --table-of-contents --toc-depth 3 --template /Library/Frameworks/R.framework/Versions/4.4-x86_64/Resources/library/rmarkdown/rmd/h/default.html --no-highlight --variable highlightjs=1 --number-sections --include-before-body /var/folders/jk/d24lm6n944q5y650lph85m7w0000gp/T//Rtmp35Q0Da/rmarkdown-strea215756fa40.html --variable navbar=1 --variable theme=bootstrap --mathjax --variable 'mathjax-url=https://mathjax.rstudio.com/latest/MathJax.js?config=TeX-AMS-MML_HTMLorMML' --include-in-header /var/folders/jk/d24lm6n944q5y650lph85m7w0000gp/T//Rtmp35Q0Da/rmarkdown-strea21f47ac8c.html --variable code_folding=hide --variable source_embed=_M1A-healthy_aging_genes.Rmd --include-after-body /var/folders/jk/d24lm6n944q5y650lph85m7w0000gp/T//Rtmp35Q0Da/fileea212a91232a.html --variable code_menu=1 --citeproc 

Output created: _M1A-healthy_aging_genes.html
