

processing file: _M2A-RFGI_SPLASH_v1.Rmd
1/31                        
2/31 [sidenote]             
3/31                        
4/31 [setup]                
5/31                        
6/31 [m2a-GlobalOptions]    
7/31                        
8/31 [m2a-Prelims]          
9/31                        
10/31 [m2a-utilityFns]       
11/31                        
12/31 [m2a-input-params-all] 
13/31                        
14/31 [m2a-load-libs]        
15/31                        
16/31 [m2a-target-vs-samples]
17/31                        
18/31 [unnamed-chunk-1]      
19/31                        
20/31 [unnamed-chunk-2]      
21/31                        
22/31 [m2a-effect-size-fn]   
23/31                        
24/31 [unnamed-chunk-3]      
25/31                        
26/31 [unnamed-chunk-4]      
27/31                        
28/31 [m2a-session-info]     
29/31                        
30/31 [unnamed-chunk-5]      
output file: _M2A-RFGI_SPLASH_v1.knit.md

/usr/local/bin/pandoc +RTS -K512m -RTS _M2A-RFGI_SPLASH_v1.knit.md --to html4 --from markdown+autolink_bare_uris+tex_math_single_backslash --output _M2A-RFGI_SPLASH_v1.html --lua-filter /Library/Frameworks/R.framework/Versions/4.4-x86_64/Resources/library/bookdown/rmarkdown/lua/custom-environment.lua --lua-filter /Library/Frameworks/R.framework/Versions/4.4-x86_64/Resources/library/rmarkdown/rmarkdown/lua/pagebreak.lua --lua-filter /Library/Frameworks/R.framework/Versions/4.4-x86_64/Resources/library/rmarkdown/rmarkdown/lua/latex-div.lua --lua-filter /Library/Frameworks/R.framework/Versions/4.4-x86_64/Resources/library/rmarkdown/rmarkdown/lua/table-classes.lua --embed-resources --standalone --wrap preserve --variable bs3=TRUE --section-divs --table-of-contents --toc-depth 2 --template /Library/Frameworks/R.framework/Versions/4.4-x86_64/Resources/library/rmarkdown/rmd/h/default.html --no-highlight --variable highlightjs=1 --number-sections --include-before-body /var/folders/jk/d24lm6n944q5y650lph85m7w0000gp/T//Rtmp06mLsv/rmarkdown-strb906f8c5ec6.html --variable navbar=1 --variable theme=bootstrap --mathjax --variable 'mathjax-url=https://mathjax.rstudio.com/latest/MathJax.js?config=TeX-AMS-MML_HTMLorMML' --include-in-header /var/folders/jk/d24lm6n944q5y650lph85m7w0000gp/T//Rtmp06mLsv/rmarkdown-strb90648a22123.html --variable code_folding=hide --variable source_embed=_M2A-RFGI_SPLASH_v1.Rmd --include-after-body /var/folders/jk/d24lm6n944q5y650lph85m7w0000gp/T//Rtmp06mLsv/fileb906c2da616.html --variable code_menu=1 --citeproc 
[WARNING] Citeproc: citation Baharav:2024 not found

Output created: _M2A-RFGI_SPLASH_v1.html
