

processing file: _M2A-ref_free_genomic_inf.Rmd
1/33                        
2/33 [sidenote]             
3/33                        
4/33 [setup]                
5/33                        
6/33 [m2a-GlobalOptions]    
7/33                        
8/33 [m2a-Prelims]          
9/33                        
10/33 [m2a-utilityFns]       
11/33                        
12/33 [m2a-input-params-all] 
13/33                        
14/33 [m2a-load-libs]        
15/33                        
16/33 [m2a-target-vs-samples]
17/33                        
18/33 [unnamed-chunk-1]      
19/33                        
20/33 [unnamed-chunk-2]      
21/33                        
22/33 [unnamed-chunk-3]      
output file: _M2A-ref_free_genomic_inf.knit.md

/usr/local/bin/pandoc +RTS -K512m -RTS _M2A-ref_free_genomic_inf.knit.md --to html4 --from markdown+autolink_bare_uris+tex_math_single_backslash --output _M2A-ref_free_genomic_inf.html --lua-filter /Library/Frameworks/R.framework/Versions/4.4-x86_64/Resources/library/bookdown/rmarkdown/lua/custom-environment.lua --lua-filter /Library/Frameworks/R.framework/Versions/4.4-x86_64/Resources/library/rmarkdown/rmarkdown/lua/pagebreak.lua --lua-filter /Library/Frameworks/R.framework/Versions/4.4-x86_64/Resources/library/rmarkdown/rmarkdown/lua/latex-div.lua --lua-filter /Library/Frameworks/R.framework/Versions/4.4-x86_64/Resources/library/rmarkdown/rmarkdown/lua/table-classes.lua --embed-resources --standalone --wrap preserve --variable bs3=TRUE --section-divs --table-of-contents --toc-depth 3 --template /Library/Frameworks/R.framework/Versions/4.4-x86_64/Resources/library/rmarkdown/rmd/h/default.html --no-highlight --variable highlightjs=1 --number-sections --include-before-body /var/folders/jk/d24lm6n944q5y650lph85m7w0000gp/T//RtmpwxjuKw/rmarkdown-str29fe1ce71cf8.html --variable navbar=1 --variable theme=bootstrap --mathjax --variable 'mathjax-url=https://mathjax.rstudio.com/latest/MathJax.js?config=TeX-AMS-MML_HTMLorMML' --include-in-header /var/folders/jk/d24lm6n944q5y650lph85m7w0000gp/T//RtmpwxjuKw/rmarkdown-str29fe91eec9b.html --variable code_folding=hide --variable source_embed=_M2A-ref_free_genomic_inf.Rmd --include-after-body /var/folders/jk/d24lm6n944q5y650lph85m7w0000gp/T//RtmpwxjuKw/file29fe4d3fb8ca.html --variable code_menu=1 --citeproc 

Output created: _M2A-ref_free_genomic_inf.html
Warning messages:
1: The label(s) oasis-ai-review not found 
2: The label(s) splash-oasis-citing-review not found 
