

processing file: _M2B-RFGI_SPLASH_v2.Rmd
1/31                        
2/31 [sidenote]             
3/31                        
4/31 [setup]                
5/31                        
6/31 [m2b-GlobalOptions]    
7/31                        
8/31 [m2b-Prelims]          
9/31                        
10/31 [m2b-utilityFns]       
11/31                        
12/31 [m2b-input-params-all] 
13/31                        
14/31 [m2b-load-libs]        
15/31                        
16/31 [m2b-target-vs-samples]
17/31                        
18/31 [unnamed-chunk-1]      
19/31                        
20/31 [unnamed-chunk-2]      
21/31                        
22/31 [m2b-effect-size-fn]   
23/31                        
24/31 [unnamed-chunk-3]      
25/31                        
26/31 [unnamed-chunk-4]      
27/31                        
28/31 [m2b-session-info]     
29/31                        
30/31 [unnamed-chunk-5]      
output file: _M2B-RFGI_SPLASH_v2.knit.md

/usr/local/bin/pandoc +RTS -K512m -RTS _M2B-RFGI_SPLASH_v2.knit.md --to html4 --from markdown+autolink_bare_uris+tex_math_single_backslash --output _M2B-RFGI_SPLASH_v2.html --lua-filter /Library/Frameworks/R.framework/Versions/4.4-x86_64/Resources/library/bookdown/rmarkdown/lua/custom-environment.lua --lua-filter /Users/fcollin/Library/R/x86_64/4.4/library/rmarkdown/rmarkdown/lua/pagebreak.lua --lua-filter /Users/fcollin/Library/R/x86_64/4.4/library/rmarkdown/rmarkdown/lua/latex-div.lua --lua-filter /Users/fcollin/Library/R/x86_64/4.4/library/rmarkdown/rmarkdown/lua/table-classes.lua --embed-resources --standalone --wrap preserve --variable bs3=TRUE --section-divs --table-of-contents --toc-depth 2 --template /Users/fcollin/Library/R/x86_64/4.4/library/rmarkdown/rmd/h/default.html --no-highlight --variable highlightjs=1 --number-sections --include-before-body /var/folders/jk/d24lm6n944q5y650lph85m7w0000gp/T//RtmpFST3ab/rmarkdown-str113027e3cc40.html --variable navbar=1 --variable theme=bootstrap --mathjax --variable 'mathjax-url=https://mathjax.rstudio.com/latest/MathJax.js?config=TeX-AMS-MML_HTMLorMML' --include-in-header /var/folders/jk/d24lm6n944q5y650lph85m7w0000gp/T//RtmpFST3ab/rmarkdown-str113027c7681cb.html --variable code_folding=hide --variable source_embed=_M2B-RFGI_SPLASH_v2.Rmd --include-after-body /var/folders/jk/d24lm6n944q5y650lph85m7w0000gp/T//RtmpFST3ab/file1130248437643.html --variable code_menu=1 --citeproc 

Output created: _M2B-RFGI_SPLASH_v2.html
