

processing file: _M3A-OASIS.Rmd
1/17                       
2/17 [sidenote]            
3/17                       
4/17 [setup]               
5/17                       
6/17 [m3a-GlobalOptions]   
7/17                       
8/17 [m3a-Prelims]         
9/17                       
10/17 [m3a-utilityFns]      
11/17                       
12/17 [m3a-input-params-all]
13/17                       
14/17 [m3a-session-info]    
15/17                       
16/17 [unnamed-chunk-1]     
output file: _M3A-OASIS.knit.md

/usr/local/bin/pandoc +RTS -K512m -RTS _M3A-OASIS.knit.md --to html4 --from markdown+autolink_bare_uris+tex_math_single_backslash --output _M3A-OASIS.html --lua-filter /Library/Frameworks/R.framework/Versions/4.4-x86_64/Resources/library/bookdown/rmarkdown/lua/custom-environment.lua --lua-filter /Users/fcollin/Library/R/x86_64/4.4/library/rmarkdown/rmarkdown/lua/pagebreak.lua --lua-filter /Users/fcollin/Library/R/x86_64/4.4/library/rmarkdown/rmarkdown/lua/latex-div.lua --lua-filter /Users/fcollin/Library/R/x86_64/4.4/library/rmarkdown/rmarkdown/lua/table-classes.lua --embed-resources --standalone --wrap preserve --variable bs3=TRUE --section-divs --table-of-contents --toc-depth 2 --template /Users/fcollin/Library/R/x86_64/4.4/library/rmarkdown/rmd/h/default.html --no-highlight --variable highlightjs=1 --number-sections --include-before-body /var/folders/jk/d24lm6n944q5y650lph85m7w0000gp/T//RtmpMXFIGx/rmarkdown-strd3b6e24729c.html --variable navbar=1 --variable theme=bootstrap --mathjax --variable 'mathjax-url=https://mathjax.rstudio.com/latest/MathJax.js?config=TeX-AMS-MML_HTMLorMML' --include-in-header /var/folders/jk/d24lm6n944q5y650lph85m7w0000gp/T//RtmpMXFIGx/rmarkdown-strd3b67ae06704.html --variable code_folding=hide --variable source_embed=_M3A-OASIS.Rmd --include-after-body /var/folders/jk/d24lm6n944q5y650lph85m7w0000gp/T//RtmpMXFIGx/filed3b6228b76a2.html --variable code_menu=1 --citeproc 

Output created: _M3A-OASIS.html
