

processing file: _M4A-intro_IUV.Rmd
1/19                       
2/19 [sidenote]            
3/19                       
4/19 [setup]               
5/19                       
6/19 [m4a-GlobalOptions]   
7/19                       
8/19 [m4a-Prelims]         
9/19                       
10/19 [m4a-utilityFns]      
11/19                       
12/19 [m4a-input-params-all]
13/19                       
14/19 [unnamed-chunk-1]     
15/19                       
16/19 [unnamed-chunk-2]     
output file: _M4A-intro_IUV.knit.md

/usr/local/bin/pandoc +RTS -K512m -RTS _M4A-intro_IUV.knit.md --to html4 --from markdown+autolink_bare_uris+tex_math_single_backslash --output _M4A-intro_IUV.html --lua-filter /Users/fcollin/Library/R/x86_64/4.4/library/rmarkdown/rmarkdown/lua/pagebreak.lua --lua-filter /Users/fcollin/Library/R/x86_64/4.4/library/rmarkdown/rmarkdown/lua/latex-div.lua --lua-filter /Users/fcollin/Library/R/x86_64/4.4/library/rmarkdown/rmarkdown/lua/table-classes.lua --embed-resources --standalone --variable bs3=TRUE --section-divs --table-of-contents --toc-depth 2 --template /Users/fcollin/Library/R/x86_64/4.4/library/rmarkdown/rmd/h/default.html --no-highlight --variable highlightjs=1 --number-sections --include-before-body /var/folders/jk/d24lm6n944q5y650lph85m7w0000gp/T//Rtmp39P85r/rmarkdown-str4f4350c82cb3.html --variable navbar=1 --variable theme=bootstrap --mathjax --variable 'mathjax-url=https://mathjax.rstudio.com/latest/MathJax.js?config=TeX-AMS-MML_HTMLorMML' --include-in-header /var/folders/jk/d24lm6n944q5y650lph85m7w0000gp/T//Rtmp39P85r/rmarkdown-str4f435eec534.html --variable code_folding=hide --variable source_embed=_M4A-intro_IUV.Rmd --include-after-body /var/folders/jk/d24lm6n944q5y650lph85m7w0000gp/T//Rtmp39P85r/file4f437ed4dbf6.html --variable code_menu=1 --citeproc 
[WARNING] Citeproc: citation Harper:2013aa not found
[WARNING] Citeproc: citation Marabita:2013aa not found
[WARNING] Citeproc: citation Sun:2011aa not found

Output created: _M4A-intro_IUV.html
