
Rendering: ./index.Rmd
1/13                      
2/13 [sidenote]           
3/13                      
4/13 [setup]              
5/13                      
6/13 [infex-GlobalOptions]
7/13                      
8/13 [index-Prelims]      
9/13                      
10/13 [unnamed-chunk-1]    
1/1
11/13                      
12/13 [unnamed-chunk-2]    
/usr/local/bin/pandoc +RTS -K512m -RTS index.knit.md --to html4 --from markdown+autolink_bare_uris+tex_math_single_backslash --output index.html --lua-filter /Library/Frameworks/R.framework/Versions/4.4-x86_64/Resources/library/rmarkdown/rmarkdown/lua/pagebreak.lua --lua-filter /Library/Frameworks/R.framework/Versions/4.4-x86_64/Resources/library/rmarkdown/rmarkdown/lua/latex-div.lua --lua-filter /Library/Frameworks/R.framework/Versions/4.4-x86_64/Resources/library/rmarkdown/rmarkdown/lua/table-classes.lua --variable bs3=TRUE --standalone --section-divs --template /Library/Frameworks/R.framework/Versions/4.4-x86_64/Resources/library/rmarkdown/rmd/h/default.html --no-highlight --variable highlightjs=1 --include-before-body /var/folders/jk/d24lm6n944q5y650lph85m7w0000gp/T//RtmpFuyOfb/rmarkdown-str13f84bad530e.html --variable navbar=1 --variable theme=bootstrap --mathjax --variable 'mathjax-url=https://mathjax.rstudio.com/latest/MathJax.js?config=TeX-AMS-MML_HTMLorMML' --include-in-header /var/folders/jk/d24lm6n944q5y650lph85m7w0000gp/T//RtmpFuyOfb/rmarkdown-str13f86027e2f2.html 
[WARNING] This document format requires a nonempty <title> element.
  Defaulting to 'index.knit' as the title.
  To specify a title, use 'title' in metadata or --metadata title="...".

Rendering: ./splash_oasis_presentation.Rmd
1/1
/usr/local/bin/pandoc +RTS -K512m -RTS splash_oasis_presentation.knit.md --to html4 --from markdown+autolink_bare_uris+tex_math_single_backslash --output splash_oasis_presentation.html --lua-filter /Library/Frameworks/R.framework/Versions/4.4-x86_64/Resources/library/rmarkdown/rmarkdown/lua/pagebreak.lua --lua-filter /Library/Frameworks/R.framework/Versions/4.4-x86_64/Resources/library/rmarkdown/rmarkdown/lua/latex-div.lua --lua-filter /Library/Frameworks/R.framework/Versions/4.4-x86_64/Resources/library/rmarkdown/rmarkdown/lua/table-classes.lua --variable bs3=TRUE --standalone --section-divs --table-of-contents --toc-depth 3 --variable toc_float=1 --variable toc_selectors=h1,h2,h3 --variable toc_collapsed=1 --variable toc_smooth_scroll=1 --variable toc_print=1 --template /Library/Frameworks/R.framework/Versions/4.4-x86_64/Resources/library/rmarkdown/rmd/h/default.html --highlight-style tango --number-sections --include-before-body /var/folders/jk/d24lm6n944q5y650lph85m7w0000gp/T//RtmpFuyOfb/rmarkdown-str13f85aa4af2f.html --variable navbar=1 --variable theme=flatly --css _M3B-SPLASH-OASIS-presentation_css.css --mathjax --variable 'mathjax-url=https://mathjax.rstudio.com/latest/MathJax.js?config=TeX-AMS-MML_HTMLorMML' --include-in-header /var/folders/jk/d24lm6n944q5y650lph85m7w0000gp/T//RtmpFuyOfb/rmarkdown-str13f871e96526.html 
1/1
/usr/local/bin/pandoc +RTS -K512m -RTS splash_oasis_presentation.knit.md --to pptx --from markdown+autolink_bare_uris+tex_math_single_backslash --output splash_oasis_presentation.pptx --slide-level 2 
1/1
/usr/local/bin/pandoc +RTS -K512m -RTS splash_oasis_presentation.knit.md --to revealjs --from markdown+autolink_bare_uris+tex_math_single_backslash-implicit_figures --output splash_oasis_presentation.html --lua-filter /Library/Frameworks/R.framework/Versions/4.4-x86_64/Resources/library/rmarkdown/rmarkdown/lua/pagebreak.lua --lua-filter /Library/Frameworks/R.framework/Versions/4.4-x86_64/Resources/library/rmarkdown/rmarkdown/lua/latex-div.lua --lua-filter /Library/Frameworks/R.framework/Versions/4.4-x86_64/Resources/library/rmarkdown/rmarkdown/lua/table-classes.lua --template /Library/Frameworks/R.framework/Versions/4.4-x86_64/Resources/library/revealjs/rmarkdown/templates/revealjs_presentation/resources/default.html --variable center=false --slide-level 2 --variable theme=sky --variable transition=slide --variable backgroundTransition=fade --variable history=true --mathjax --variable 'mathjax-url=https://mathjax.rstudio.com/latest/MathJax.js?config=TeX-AMS-MML_HTMLorMML' --include-in-header /var/folders/jk/d24lm6n944q5y650lph85m7w0000gp/T//RtmpFuyOfb/rmarkdown-str13f811efdc37.html --variable revealjs-url=site_libs/reveal.js-4.2.1 --highlight-style tango 

Output created: index.html
